0 info it worked if it ends with ok
1 verbose cli [ '/usr/bin/node', '/usr/bin/npm', 'install' ]
2 info using npm@1.4.28
3 info using node@v0.10.38
4 verbose node symlink /usr/bin/node
5 verbose readDependencies using package.json deps
6 verbose install where, deps [ '/var/www/html/Base-SCSS', [ 'grunt', 'grunt-scss-lint' ] ]
7 info preinstall basescss@0.1.0
8 verbose readDependencies using package.json deps
9 verbose cache add [ 'grunt@^0.4.5', null ]
10 verbose cache add name=undefined spec="grunt@^0.4.5" args=["grunt@^0.4.5",null]
11 verbose parsed url { protocol: null,
11 verbose parsed url   slashes: null,
11 verbose parsed url   auth: null,
11 verbose parsed url   host: null,
11 verbose parsed url   port: null,
11 verbose parsed url   hostname: null,
11 verbose parsed url   hash: null,
11 verbose parsed url   search: null,
11 verbose parsed url   query: null,
11 verbose parsed url   pathname: 'grunt@^0.4.5',
11 verbose parsed url   path: 'grunt@^0.4.5',
11 verbose parsed url   href: 'grunt@^0.4.5' }
12 verbose cache add [ 'grunt-scss-lint@~0.18.0', null ]
13 verbose cache add name=undefined spec="grunt-scss-lint@~0.18.0" args=["grunt-scss-lint@~0.18.0",null]
14 verbose parsed url { protocol: null,
14 verbose parsed url   slashes: null,
14 verbose parsed url   auth: null,
14 verbose parsed url   host: null,
14 verbose parsed url   port: null,
14 verbose parsed url   hostname: null,
14 verbose parsed url   hash: null,
14 verbose parsed url   search: null,
14 verbose parsed url   query: null,
14 verbose parsed url   pathname: 'grunt-scss-lint@~0.18.0',
14 verbose parsed url   path: 'grunt-scss-lint@~0.18.0',
14 verbose parsed url   href: 'grunt-scss-lint@~0.18.0' }
15 verbose cache add name="grunt" spec="^0.4.5" args=["grunt","^0.4.5"]
16 verbose parsed url { protocol: null,
16 verbose parsed url   slashes: null,
16 verbose parsed url   auth: null,
16 verbose parsed url   host: null,
16 verbose parsed url   port: null,
16 verbose parsed url   hostname: null,
16 verbose parsed url   hash: null,
16 verbose parsed url   search: null,
16 verbose parsed url   query: null,
16 verbose parsed url   pathname: '^0.4.5',
16 verbose parsed url   path: '^0.4.5',
16 verbose parsed url   href: '^0.4.5' }
17 verbose addNamed [ 'grunt', '^0.4.5' ]
18 verbose addNamed [ null, '>=0.4.5-0 <0.5.0-0' ]
19 verbose cache add name="grunt-scss-lint" spec="~0.18.0" args=["grunt-scss-lint","~0.18.0"]
20 verbose parsed url { protocol: null,
20 verbose parsed url   slashes: null,
20 verbose parsed url   auth: null,
20 verbose parsed url   host: null,
20 verbose parsed url   port: null,
20 verbose parsed url   hostname: null,
20 verbose parsed url   hash: null,
20 verbose parsed url   search: null,
20 verbose parsed url   query: null,
20 verbose parsed url   pathname: '~0.18.0',
20 verbose parsed url   path: '~0.18.0',
20 verbose parsed url   href: '~0.18.0' }
21 verbose addNamed [ 'grunt-scss-lint', '~0.18.0' ]
22 verbose addNamed [ null, '>=0.18.0-0 <0.19.0-0' ]
23 silly lockFile 73541f84-grunt-0-4-5 grunt@^0.4.5
24 verbose lock grunt@^0.4.5 /home/daryn/.npm/73541f84-grunt-0-4-5.lock
25 silly lockFile 1260d6b2-grunt-scss-lint-0-18-0 grunt-scss-lint@~0.18.0
26 verbose lock grunt-scss-lint@~0.18.0 /home/daryn/.npm/1260d6b2-grunt-scss-lint-0-18-0.lock
27 silly addNameRange { name: 'grunt', range: '>=0.4.5-0 <0.5.0-0', hasData: false }
28 silly addNameRange { name: 'grunt-scss-lint',
28 silly addNameRange   range: '>=0.18.0-0 <0.19.0-0',
28 silly addNameRange   hasData: false }
29 verbose request where is /grunt-scss-lint
30 verbose request registry https://registry.npmjs.org/
31 verbose request id 9c2d945031ca8681
32 verbose url raw /grunt-scss-lint
33 verbose url resolving [ 'https://registry.npmjs.org/', './grunt-scss-lint' ]
34 verbose url resolved https://registry.npmjs.org/grunt-scss-lint
35 verbose request where is https://registry.npmjs.org/grunt-scss-lint
36 info trying registry request attempt 1 at 10:39:48
37 http GET https://registry.npmjs.org/grunt-scss-lint
38 verbose request where is /grunt
39 verbose request registry https://registry.npmjs.org/
40 verbose url raw /grunt
41 verbose url resolving [ 'https://registry.npmjs.org/', './grunt' ]
42 verbose url resolved https://registry.npmjs.org/grunt
43 verbose request where is https://registry.npmjs.org/grunt
44 info trying registry request attempt 1 at 10:39:48
45 verbose etag "6R44SL2GXB6U743AZAJLUHBNB"
46 http GET https://registry.npmjs.org/grunt
47 http 200 https://registry.npmjs.org/grunt-scss-lint
48 silly registry.get cb [ 200,
48 silly registry.get   { server: 'CouchDB/1.5.0 (Erlang OTP/R16B03)',
48 silly registry.get     etag: '"5ZQDYYWSWPGYKSQSR3QOR2VPM"',
48 silly registry.get     'content-type': 'application/json',
48 silly registry.get     'cache-control': 'max-age=60',
48 silly registry.get     'content-length': '47693',
48 silly registry.get     'accept-ranges': 'bytes',
48 silly registry.get     date: 'Wed, 09 Sep 2015 14:39:49 GMT',
48 silly registry.get     via: '1.1 varnish',
48 silly registry.get     age: '58',
48 silly registry.get     connection: 'keep-alive',
48 silly registry.get     'x-served-by': 'cache-jfk1035-JFK',
48 silly registry.get     'x-cache': 'HIT',
48 silly registry.get     'x-cache-hits': '1',
48 silly registry.get     'x-timer': 'S1441809589.009914,VS0,VE6',
48 silly registry.get     vary: 'Accept' } ]
49 silly addNameRange number 2 { name: 'grunt-scss-lint',
49 silly addNameRange   range: '>=0.18.0-0 <0.19.0-0',
49 silly addNameRange   hasData: true }
50 silly addNameRange versions [ 'grunt-scss-lint',
50 silly addNameRange   [ '0.0.1',
50 silly addNameRange     '0.0.2',
50 silly addNameRange     '0.0.3',
50 silly addNameRange     '0.0.4',
50 silly addNameRange     '0.0.5',
50 silly addNameRange     '0.0.6',
50 silly addNameRange     '0.0.7',
50 silly addNameRange     '0.0.9',
50 silly addNameRange     '0.1.0',
50 silly addNameRange     '0.1.1',
50 silly addNameRange     '0.1.2',
50 silly addNameRange     '0.1.3',
50 silly addNameRange     '0.1.4',
50 silly addNameRange     '0.1.5',
50 silly addNameRange     '0.1.6',
50 silly addNameRange     '0.1.7',
50 silly addNameRange     '0.1.8',
50 silly addNameRange     '0.1.9',
50 silly addNameRange     '0.1.10',
50 silly addNameRange     '0.1.11',
50 silly addNameRange     '0.1.12',
50 silly addNameRange     '0.3.0',
50 silly addNameRange     '0.3.1',
50 silly addNameRange     '0.3.2',
50 silly addNameRange     '0.3.3',
50 silly addNameRange     '0.3.4',
50 silly addNameRange     '0.3.5',
50 silly addNameRange     '0.3.6',
50 silly addNameRange     '0.3.8' ] ]
51 silly lockFile 1260d6b2-grunt-scss-lint-0-18-0 grunt-scss-lint@~0.18.0
52 silly lockFile 1260d6b2-grunt-scss-lint-0-18-0 grunt-scss-lint@~0.18.0
53 http 200 https://registry.npmjs.org/grunt
54 silly registry.get cb [ 200,
54 silly registry.get   { server: 'CouchDB/1.5.0 (Erlang OTP/R16B03)',
54 silly registry.get     etag: '"4R8Y2SRDZ17N6YTW29Q7R33WA"',
54 silly registry.get     'content-type': 'application/json',
54 silly registry.get     'cache-control': 'max-age=60',
54 silly registry.get     'content-length': '90183',
54 silly registry.get     'accept-ranges': 'bytes',
54 silly registry.get     date: 'Wed, 09 Sep 2015 14:39:49 GMT',
54 silly registry.get     via: '1.1 varnish',
54 silly registry.get     age: '55',
54 silly registry.get     connection: 'keep-alive',
54 silly registry.get     'x-served-by': 'cache-iad2121-IAD',
54 silly registry.get     'x-cache': 'HIT',
54 silly registry.get     'x-cache-hits': '2',
54 silly registry.get     'x-timer': 'S1441809589.142037,VS0,VE0',
54 silly registry.get     vary: 'Accept' } ]
55 silly addNameRange number 2 { name: 'grunt', range: '>=0.4.5-0 <0.5.0-0', hasData: true }
56 silly addNameRange versions [ 'grunt',
56 silly addNameRange   [ '0.1.0',
56 silly addNameRange     '0.1.1',
56 silly addNameRange     '0.1.2',
56 silly addNameRange     '0.2.0',
56 silly addNameRange     '0.2.1',
56 silly addNameRange     '0.2.2',
56 silly addNameRange     '0.2.3',
56 silly addNameRange     '0.2.4',
56 silly addNameRange     '0.2.5',
56 silly addNameRange     '0.2.6',
56 silly addNameRange     '0.2.7',
56 silly addNameRange     '0.2.8',
56 silly addNameRange     '0.2.9',
56 silly addNameRange     '0.2.10',
56 silly addNameRange     '0.2.11',
56 silly addNameRange     '0.2.12',
56 silly addNameRange     '0.2.13',
56 silly addNameRange     '0.2.14',
56 silly addNameRange     '0.2.15',
56 silly addNameRange     '0.3.0',
56 silly addNameRange     '0.3.1',
56 silly addNameRange     '0.3.2',
56 silly addNameRange     '0.3.3',
56 silly addNameRange     '0.3.4',
56 silly addNameRange     '0.3.5',
56 silly addNameRange     '0.3.6',
56 silly addNameRange     '0.3.7',
56 silly addNameRange     '0.3.8',
56 silly addNameRange     '0.3.9',
56 silly addNameRange     '0.3.10',
56 silly addNameRange     '0.3.11',
56 silly addNameRange     '0.3.12',
56 silly addNameRange     '0.3.13',
56 silly addNameRange     '0.3.14',
56 silly addNameRange     '0.3.15',
56 silly addNameRange     '0.3.16',
56 silly addNameRange     '0.3.17',
56 silly addNameRange     '0.4.0',
56 silly addNameRange     '0.4.1',
56 silly addNameRange     '0.4.2',
56 silly addNameRange     '0.4.3',
56 silly addNameRange     '0.4.4',
56 silly addNameRange     '0.4.5',
56 silly addNameRange     '0.3.13-a',
56 silly addNameRange     '0.4.0-a',
56 silly addNameRange     '0.4.0-rc1',
56 silly addNameRange     '0.4.0-rc2',
56 silly addNameRange     '0.4.0-rc3',
56 silly addNameRange     '0.4.0-rc4',
56 silly addNameRange     '0.4.0-rc5',
56 silly addNameRange     '0.4.0-rc6',
56 silly addNameRange     '0.4.0-rc7',
56 silly addNameRange     '0.4.0-rc8' ] ]
57 verbose addNamed [ 'grunt', '0.4.5' ]
58 verbose addNamed [ '0.4.5', '0.4.5' ]
59 silly lockFile 81abf7ad-grunt-0-4-5 grunt@0.4.5
60 verbose lock grunt@0.4.5 /home/daryn/.npm/81abf7ad-grunt-0-4-5.lock
61 silly lockFile 81abf7ad-grunt-0-4-5 grunt@0.4.5
62 silly lockFile 81abf7ad-grunt-0-4-5 grunt@0.4.5
63 silly lockFile 73541f84-grunt-0-4-5 grunt@^0.4.5
64 silly lockFile 73541f84-grunt-0-4-5 grunt@^0.4.5
65 error notarget No compatible version found: grunt-scss-lint@'>=0.18.0-0 <0.19.0-0'
65 error notarget Valid install targets:
65 error notarget ["0.0.1","0.0.2","0.0.3","0.0.4","0.0.5","0.0.6","0.0.7","0.0.9","0.1.0","0.1.1","0.1.2","0.1.3","0.1.4","0.1.5","0.1.6","0.1.7","0.1.8","0.1.9","0.1.10","0.1.11","0.1.12","0.3.0","0.3.1","0.3.2","0.3.3","0.3.4","0.3.5","0.3.6","0.3.8"]
65 error notarget
65 error notarget This is most likely not a problem with npm itself.
65 error notarget In most cases you or one of your dependencies are requesting
65 error notarget a package version that doesn't exist.
66 error System Linux 3.13.0-37-generic
67 error command "/usr/bin/node" "/usr/bin/npm" "install"
68 error cwd /var/www/html/Base-SCSS
69 error node -v v0.10.38
70 error npm -v 1.4.28
71 error code ETARGET
72 verbose exit [ 1, true ]
